Determining if the pthread_create exist failed with the following output:
Change Dir: /home/ruhtra/nao/naoqi-sdk/doc/dev/cpp/examples/core/Connect4_nao/build-mytoolchain/CMakeFiles/CMakeTmp

Run Build Command:"/usr/bin/make" "cmTC_d85d0/fast"
/usr/bin/make -f CMakeFiles/cmTC_d85d0.dir/build.make CMakeFiles/cmTC_d85d0.dir/build
make[1]: Entering directory '/home/ruhtra/nao/naoqi-sdk/doc/dev/cpp/examples/core/Connect4_nao/build-mytoolchain/CMakeFiles/CMakeTmp'
Building C object CMakeFiles/cmTC_d85d0.dir/CheckSymbolExists.c.o
/usr/bin/cc    -o CMakeFiles/cmTC_d85d0.dir/CheckSymbolExists.c.o   -c /home/ruhtra/nao/naoqi-sdk/doc/dev/cpp/examples/core/Connect4_nao/build-mytoolchain/CMakeFiles/CMakeTmp/CheckSymbolExists.c
Linking C executable cmTC_d85d0
/usr/bin/cmake -E cmake_link_script CMakeFiles/cmTC_d85d0.dir/link.txt --verbose=1
/usr/bin/cc      -rdynamic CMakeFiles/cmTC_d85d0.dir/CheckSymbolExists.c.o  -o cmTC_d85d0 
CMakeFiles/cmTC_d85d0.dir/CheckSymbolExists.c.o: In function `main':
CheckSymbolExists.c:(.text+0x1b): undefined reference to `pthread_create'
collect2: error: ld returned 1 exit status
make[1]: *** [CMakeFiles/cmTC_d85d0.dir/build.make:98: cmTC_d85d0] Error 1
make[1]: Leaving directory '/home/ruhtra/nao/naoqi-sdk/doc/dev/cpp/examples/core/Connect4_nao/build-mytoolchain/CMakeFiles/CMakeTmp'
make: *** [Makefile:126: cmTC_d85d0/fast] Error 2

File /home/ruhtra/nao/naoqi-sdk/doc/dev/cpp/examples/core/Connect4_nao/build-mytoolchain/CMakeFiles/CMakeTmp/CheckSymbolExists.c:
/* */
#include <pthread.h>

int main(int argc, char** argv)
{
  (void)argv;
#ifndef pthread_create
  return ((int*)(&pthread_create))[argc];
#else
  (void)argc;
  return 0;
#endif
}

Determining if the function pthread_create exists in the pthreads failed with the following output:
Change Dir: /home/ruhtra/nao/naoqi-sdk/doc/dev/cpp/examples/core/Connect4_nao/build-mytoolchain/CMakeFiles/CMakeTmp

Run Build Command:"/usr/bin/make" "cmTC_778f9/fast"
/usr/bin/make -f CMakeFiles/cmTC_778f9.dir/build.make CMakeFiles/cmTC_778f9.dir/build
make[1]: Entering directory '/home/ruhtra/nao/naoqi-sdk/doc/dev/cpp/examples/core/Connect4_nao/build-mytoolchain/CMakeFiles/CMakeTmp'
Building C object CMakeFiles/cmTC_778f9.dir/CheckFunctionExists.c.o
/usr/bin/cc   -DCHECK_FUNCTION_EXISTS=pthread_create   -o CMakeFiles/cmTC_778f9.dir/CheckFunctionExists.c.o   -c /usr/share/cmake-3.9/Modules/CheckFunctionExists.c
Linking C executable cmTC_778f9
/usr/bin/cmake -E cmake_link_script CMakeFiles/cmTC_778f9.dir/link.txt --verbose=1
/usr/bin/cc  -DCHECK_FUNCTION_EXISTS=pthread_create    -rdynamic CMakeFiles/cmTC_778f9.dir/CheckFunctionExists.c.o  -o cmTC_778f9 -lpthreads 
/usr/bin/ld: cannot find -lpthreads
collect2: error: ld returned 1 exit status
make[1]: *** [CMakeFiles/cmTC_778f9.dir/build.make:98: cmTC_778f9] Error 1
make[1]: Leaving directory '/home/ruhtra/nao/naoqi-sdk/doc/dev/cpp/examples/core/Connect4_nao/build-mytoolchain/CMakeFiles/CMakeTmp'
make: *** [Makefile:126: cmTC_778f9/fast] Error 2


